<?xml version="1.0" encoding="UTF-8"?>
<robot generator="Robot 5.0.1 (Python 3.10.5 on win32)" generated="20220713 01:47:20.994" rpa="false" schemaversion="3">
<suite id="s1" name="TC2 PUT request" source="D:\Repo\Oppenheim\TestCases\TC2_PUT_request.robot">
<test id="s1-t1" name="ButtonColour" line="11">
<kw name="Open Browser" library="Selenium2Library">
<arg>${base_url}</arg>
<arg>chrome</arg>
<doc>Opens a new browser instance to the optional ``url``.</doc>
<msg timestamp="20220713 01:47:21.391" level="INFO">Opening browser 'chrome' to base url 'http://localhost:8080'.</msg>
<status status="PASS" starttime="20220713 01:47:21.391" endtime="20220713 01:47:24.162"/>
</kw>
<kw name="Get Element Attribute" library="Selenium2Library">
<var>${style}</var>
<arg>xpath:/html/body/div/div[2]/div/a[2]</arg>
<arg>[return]</arg>
<doc>Returns the value of ``attribute`` from the element ``locator``.</doc>
<msg timestamp="20220713 01:47:24.223" level="INFO">${style} = None</msg>
<status status="PASS" starttime="20220713 01:47:24.170" endtime="20220713 01:47:24.223"/>
</kw>
<kw name="Log To Console" library="BuiltIn">
<arg>${style}</arg>
<doc>Logs the given message to the console.</doc>
<status status="PASS" starttime="20220713 01:47:24.223" endtime="20220713 01:47:24.224"/>
</kw>
<status status="PASS" starttime="20220713 01:47:21.391" endtime="20220713 01:47:24.224"/>
</test>
<status status="PASS" starttime="20220713 01:47:21.010" endtime="20220713 01:47:24.225"/>
</suite>
<statistics>
<total>
<stat pass="1" fail="0" skip="0">All Tests</stat>
</total>
<tag>
</tag>
<suite>
<stat pass="1" fail="0" skip="0" id="s1" name="TC2 PUT request">TC2 PUT request</stat>
</suite>
</statistics>
<errors>
</errors>
</robot>
